<?xml version="1.0" encoding="UTF-8"?>
<!-- Generated by org.testng.reporters.JUnitXMLReporter -->
<testsuite ignored="0" hostname="Next-Hyd-13229" failures="0" tests="5" name="Default test" time="0.13" errors="0" timestamp="2025-07-30T20:32:32 IST">
  <testcase classname="testng.farmwork.features.AnnontationOrderOfTestNG" name="testMethod" time="0.013"/>
  <testcase classname="testng.farmwork.features.AnnontationOrderOfTestNG" name="testMethod" time="0.007"/>
  <testcase classname="testng.farmwork.features.AnnontationOrderOfTestNG" name="testMethod" time="0.008"/>
  <testcase classname="testng.farmwork.features.AnnontationOrderOfTestNG" name="testMethod1" time="0.004"/>
  <testcase classname="testng.farmwork.features.AnnontationOrderOfTestNG" name="testMethod2" time="0.009"/>
</testsuite> <!-- Default test -->
