<?xml version="1.0" encoding="UTF-8"?>
<!-- Generated by org.testng.reporters.JUnitXMLReporter -->
<testsuite ignored="0" hostname="Next-Hyd-13229" failures="0" tests="3" name="Test" time="0.139" errors="0" timestamp="2025-08-05T19:51:11 IST">
  <testcase classname="testng.farmwork.features.AnnontationOrderOfTestNG" name="testMethod" time="0.03"/>
  <testcase classname="testng.farmwork.features.AnnontationOrderOfTestNG" name="testMethod1" time="0.013"/>
  <testcase classname="testng.farmwork.features.AnnontationOrderOfTestNG" name="testMethod2" time="0.007"/>
</testsuite> <!-- Test -->
