<?xml version="1.0" encoding="UTF-8"?>
<testng-results ignored="0" total="3" passed="3" failed="0" skipped="0">
  <reporter-output>
  </reporter-output>
  <suite started-at="2025-08-05T19:51:10 IST" name="Suite" finished-at="2025-08-05T19:51:10 IST" duration-ms="139">
    <groups>
    </groups>
    <test started-at="2025-08-05T19:51:10 IST" name="Test" finished-at="2025-08-05T19:51:10 IST" duration-ms="139">
      <class name="testng.farmwork.features.AnnontationOrderOfTestNG">
        <test-method is-config="true" signature="beforeSuite()[pri:0, instance:testng.farmwork.features.AnnontationOrderOfTestNG@2a4fb17b]" started-at="2025-08-05T19:51:10 IST" name="beforeSuite" finished-at="2025-08-05T19:51:10 IST" duration-ms="13" status="PASS">
          <reporter-output>
          </reporter-output>
        </test-method> <!-- beforeSuite -->
        <test-method is-config="true" signature="beforeTest()[pri:0, instance:testng.farmwork.features.AnnontationOrderOfTestNG@2a4fb17b]" started-at="2025-08-05T19:51:10 IST" name="beforeTest" finished-at="2025-08-05T19:51:10 IST" duration-ms="1" status="PASS">
          <reporter-output>
          </reporter-output>
        </test-method> <!-- beforeTest -->
        <test-method is-config="true" signature="beforeClass()[pri:0, instance:testng.farmwork.features.AnnontationOrderOfTestNG@2a4fb17b]" started-at="2025-08-05T19:51:10 IST" name="beforeClass" finished-at="2025-08-05T19:51:10 IST" duration-ms="1" status="PASS">
          <reporter-output>
          </reporter-output>
        </test-method> <!-- beforeClass -->
        <test-method is-config="true" signature="beforeMethod()[pri:0, instance:testng.farmwork.features.AnnontationOrderOfTestNG@2a4fb17b]" started-at="2025-08-05T19:51:10 IST" name="beforeMethod" finished-at="2025-08-05T19:51:10 IST" duration-ms="0" status="PASS">
          <reporter-output>
          </reporter-output>
        </test-method> <!-- beforeMethod -->
        <test-method signature="testMethod()[pri:0, instance:testng.farmwork.features.AnnontationOrderOfTestNG@2a4fb17b]" started-at="2025-08-05T19:51:10 IST" name="testMethod" finished-at="2025-08-05T19:51:10 IST" duration-ms="30" status="PASS">
          <reporter-output>
          </reporter-output>
        </test-method> <!-- testMethod -->
        <test-method is-config="true" signature="afterMethod()[pri:0, instance:testng.farmwork.features.AnnontationOrderOfTestNG@2a4fb17b]" started-at="2025-08-05T19:51:10 IST" name="afterMethod" finished-at="2025-08-05T19:51:10 IST" duration-ms="1" status="PASS">
          <reporter-output>
          </reporter-output>
        </test-method> <!-- afterMethod -->
        <test-method is-config="true" signature="beforeMethod()[pri:0, instance:testng.farmwork.features.AnnontationOrderOfTestNG@2a4fb17b]" started-at="2025-08-05T19:51:10 IST" name="beforeMethod" finished-at="2025-08-05T19:51:10 IST" duration-ms="2" status="PASS">
          <reporter-output>
          </reporter-output>
        </test-method> <!-- beforeMethod -->
        <test-method signature="testMethod1()[pri:0, instance:testng.farmwork.features.AnnontationOrderOfTestNG@2a4fb17b]" started-at="2025-08-05T19:51:10 IST" name="testMethod1" finished-at="2025-08-05T19:51:10 IST" duration-ms="13" status="PASS">
          <reporter-output>
          </reporter-output>
        </test-method> <!-- testMethod1 -->
        <test-method is-config="true" signature="afterMethod()[pri:0, instance:testng.farmwork.features.AnnontationOrderOfTestNG@2a4fb17b]" started-at="2025-08-05T19:51:10 IST" name="afterMethod" finished-at="2025-08-05T19:51:10 IST" duration-ms="1" status="PASS">
          <reporter-output>
          </reporter-output>
        </test-method> <!-- afterMethod -->
        <test-method is-config="true" signature="beforeMethod()[pri:0, instance:testng.farmwork.features.AnnontationOrderOfTestNG@2a4fb17b]" started-at="2025-08-05T19:51:10 IST" name="beforeMethod" finished-at="2025-08-05T19:51:10 IST" duration-ms="1" status="PASS">
          <reporter-output>
          </reporter-output>
        </test-method> <!-- beforeMethod -->
        <test-method signature="testMethod2()[pri:0, instance:testng.farmwork.features.AnnontationOrderOfTestNG@2a4fb17b]" started-at="2025-08-05T19:51:10 IST" name="testMethod2" finished-at="2025-08-05T19:51:10 IST" duration-ms="7" status="PASS">
          <reporter-output>
          </reporter-output>
        </test-method> <!-- testMethod2 -->
        <test-method is-config="true" signature="afterMethod()[pri:0, instance:testng.farmwork.features.AnnontationOrderOfTestNG@2a4fb17b]" started-at="2025-08-05T19:51:10 IST" name="afterMethod" finished-at="2025-08-05T19:51:10 IST" duration-ms="7" status="PASS">
          <reporter-output>
          </reporter-output>
        </test-method> <!-- afterMethod -->
        <test-method is-config="true" signature="afterClass()[pri:0, instance:testng.farmwork.features.AnnontationOrderOfTestNG@2a4fb17b]" started-at="2025-08-05T19:51:10 IST" name="afterClass" finished-at="2025-08-05T19:51:10 IST" duration-ms="2" status="PASS">
          <reporter-output>
          </reporter-output>
        </test-method> <!-- afterClass -->
        <test-method is-config="true" signature="afterTest()[pri:0, instance:testng.farmwork.features.AnnontationOrderOfTestNG@2a4fb17b]" started-at="2025-08-05T19:51:10 IST" name="afterTest" finished-at="2025-08-05T19:51:10 IST" duration-ms="1" status="PASS">
          <reporter-output>
          </reporter-output>
        </test-method> <!-- afterTest -->
        <test-method is-config="true" signature="afterSuite()[pri:0, instance:testng.farmwork.features.AnnontationOrderOfTestNG@2a4fb17b]" started-at="2025-08-05T19:51:11 IST" name="afterSuite" finished-at="2025-08-05T19:51:11 IST" duration-ms="1" status="PASS">
          <reporter-output>
          </reporter-output>
        </test-method> <!-- afterSuite -->
      </class> <!-- testng.farmwork.features.AnnontationOrderOfTestNG -->
    </test> <!-- Test -->
  </suite> <!-- Suite -->
</testng-results>
